C:\USERS\ARLENE\DOCUMENTS\VISUAL STUDIO 2012\PROJECTS\MAKE FOLDERS\MAKE FOLDERS\DEBUG\VC110.PDB
C:\USERS\ARLENE\DOCUMENTS\VISUAL STUDIO 2012\PROJECTS\MAKE FOLDERS\MAKE FOLDERS\DEBUG\MAKE FOLDERS.OBJ
C:\USERS\ARLENE\DOCUMENTS\VISUAL STUDIO 2012\PROJECTS\MAKE FOLDERS\DEBUG\MAKE FOLDERS.ILK
C:\USERS\ARLENE\DOCUMENTS\VISUAL STUDIO 2012\PROJECTS\MAKE FOLDERS\DEBUG\MAKE FOLDERS.EXE
C:\USERS\ARLENE\DOCUMENTS\VISUAL STUDIO 2012\PROJECTS\MAKE FOLDERS\DEBUG\MAKE FOLDERS.PDB
C:\Users\Arlene\documents\visual studio 2012\Projects\make folders\make folders\Debug\make folders.obj
C:\Users\Arlene\documents\visual studio 2012\Projects\make folders\make folders\Debug\cl.command.1.tlog
C:\Users\Arlene\documents\visual studio 2012\Projects\make folders\make folders\Debug\CL.read.1.tlog
C:\Users\Arlene\documents\visual studio 2012\Projects\make folders\make folders\Debug\CL.write.1.tlog
C:\Users\Arlene\documents\visual studio 2012\Projects\make folders\make folders\Debug\link-cvtres.read.1.tlog
C:\Users\Arlene\documents\visual studio 2012\Projects\make folders\make folders\Debug\link-cvtres.write.1.tlog
C:\Users\Arlene\documents\visual studio 2012\Projects\make folders\make folders\Debug\link-rc.read.1.tlog
C:\Users\Arlene\documents\visual studio 2012\Projects\make folders\make folders\Debug\link-rc.write.1.tlog
C:\Users\Arlene\documents\visual studio 2012\Projects\make folders\make folders\Debug\link.10348-cvtres.read.1.tlog
C:\Users\Arlene\documents\visual studio 2012\Projects\make folders\make folders\Debug\link.10348-cvtres.write.1.tlog
C:\Users\Arlene\documents\visual studio 2012\Projects\make folders\make folders\Debug\link.10348-rc.read.1.tlog
C:\Users\Arlene\documents\visual studio 2012\Projects\make folders\make folders\Debug\link.10348-rc.write.1.tlog
C:\Users\Arlene\documents\visual studio 2012\Projects\make folders\make folders\Debug\link.10348.read.1.tlog
C:\Users\Arlene\documents\visual studio 2012\Projects\make folders\make folders\Debug\link.10348.write.1.tlog
C:\Users\Arlene\documents\visual studio 2012\Projects\make folders\make folders\Debug\link.10580-cvtres.read.1.tlog
C:\Users\Arlene\documents\visual studio 2012\Projects\make folders\make folders\Debug\link.10580-cvtres.write.1.tlog
C:\Users\Arlene\documents\visual studio 2012\Projects\make folders\make folders\Debug\link.10580-rc.read.1.tlog
C:\Users\Arlene\documents\visual studio 2012\Projects\make folders\make folders\Debug\link.10580-rc.write.1.tlog
C:\Users\Arlene\documents\visual studio 2012\Projects\make folders\make folders\Debug\link.10580.read.1.tlog
C:\Users\Arlene\documents\visual studio 2012\Projects\make folders\make folders\Debug\link.10580.write.1.tlog
C:\Users\Arlene\documents\visual studio 2012\Projects\make folders\make folders\Debug\link.10956-cvtres.read.1.tlog
C:\Users\Arlene\documents\visual studio 2012\Projects\make folders\make folders\Debug\link.10956-cvtres.write.1.tlog
C:\Users\Arlene\documents\visual studio 2012\Projects\make folders\make folders\Debug\link.10956-rc.read.1.tlog
C:\Users\Arlene\documents\visual studio 2012\Projects\make folders\make folders\Debug\link.10956-rc.write.1.tlog
C:\Users\Arlene\documents\visual studio 2012\Projects\make folders\make folders\Debug\link.10956.read.1.tlog
C:\Users\Arlene\documents\visual studio 2012\Projects\make folders\make folders\Debug\link.10956.write.1.tlog
C:\Users\Arlene\documents\visual studio 2012\Projects\make folders\make folders\Debug\link.12120-cvtres.read.1.tlog
C:\Users\Arlene\documents\visual studio 2012\Projects\make folders\make folders\Debug\link.12120-cvtres.write.1.tlog
C:\Users\Arlene\documents\visual studio 2012\Projects\make folders\make folders\Debug\link.12120-rc.read.1.tlog
C:\Users\Arlene\documents\visual studio 2012\Projects\make folders\make folders\Debug\link.12120-rc.write.1.tlog
C:\Users\Arlene\documents\visual studio 2012\Projects\make folders\make folders\Debug\link.12120.read.1.tlog
C:\Users\Arlene\documents\visual studio 2012\Projects\make folders\make folders\Debug\link.12120.write.1.tlog
C:\Users\Arlene\documents\visual studio 2012\Projects\make folders\make folders\Debug\link.12268-cvtres.read.1.tlog
C:\Users\Arlene\documents\visual studio 2012\Projects\make folders\make folders\Debug\link.12268-cvtres.write.1.tlog
C:\Users\Arlene\documents\visual studio 2012\Projects\make folders\make folders\Debug\link.12268-rc.read.1.tlog
C:\Users\Arlene\documents\visual studio 2012\Projects\make folders\make folders\Debug\link.12268-rc.write.1.tlog
C:\Users\Arlene\documents\visual studio 2012\Projects\make folders\make folders\Debug\link.12268.read.1.tlog
C:\Users\Arlene\documents\visual studio 2012\Projects\make folders\make folders\Debug\link.12268.write.1.tlog
C:\Users\Arlene\documents\visual studio 2012\Projects\make folders\make folders\Debug\link.3608-cvtres.read.1.tlog
C:\Users\Arlene\documents\visual studio 2012\Projects\make folders\make folders\Debug\link.3608-cvtres.write.1.tlog
C:\Users\Arlene\documents\visual studio 2012\Projects\make folders\make folders\Debug\link.3608-rc.read.1.tlog
C:\Users\Arlene\documents\visual studio 2012\Projects\make folders\make folders\Debug\link.3608-rc.write.1.tlog
C:\Users\Arlene\documents\visual studio 2012\Projects\make folders\make folders\Debug\link.3608.read.1.tlog
C:\Users\Arlene\documents\visual studio 2012\Projects\make folders\make folders\Debug\link.3608.write.1.tlog
C:\Users\Arlene\documents\visual studio 2012\Projects\make folders\make folders\Debug\link.4360-cvtres.read.1.tlog
C:\Users\Arlene\documents\visual studio 2012\Projects\make folders\make folders\Debug\link.4360-cvtres.write.1.tlog
C:\Users\Arlene\documents\visual studio 2012\Projects\make folders\make folders\Debug\link.4360-rc.read.1.tlog
C:\Users\Arlene\documents\visual studio 2012\Projects\make folders\make folders\Debug\link.4360-rc.write.1.tlog
C:\Users\Arlene\documents\visual studio 2012\Projects\make folders\make folders\Debug\link.4360.read.1.tlog
C:\Users\Arlene\documents\visual studio 2012\Projects\make folders\make folders\Debug\link.4360.write.1.tlog
C:\Users\Arlene\documents\visual studio 2012\Projects\make folders\make folders\Debug\link.5776-cvtres.read.1.tlog
C:\Users\Arlene\documents\visual studio 2012\Projects\make folders\make folders\Debug\link.5776-cvtres.write.1.tlog
C:\Users\Arlene\documents\visual studio 2012\Projects\make folders\make folders\Debug\link.5776-rc.read.1.tlog
C:\Users\Arlene\documents\visual studio 2012\Projects\make folders\make folders\Debug\link.5776-rc.write.1.tlog
C:\Users\Arlene\documents\visual studio 2012\Projects\make folders\make folders\Debug\link.5776.read.1.tlog
C:\Users\Arlene\documents\visual studio 2012\Projects\make folders\make folders\Debug\link.5776.write.1.tlog
C:\Users\Arlene\documents\visual studio 2012\Projects\make folders\make folders\Debug\link.6748-cvtres.read.1.tlog
C:\Users\Arlene\documents\visual studio 2012\Projects\make folders\make folders\Debug\link.6748-cvtres.write.1.tlog
C:\Users\Arlene\documents\visual studio 2012\Projects\make folders\make folders\Debug\link.6748-rc.read.1.tlog
C:\Users\Arlene\documents\visual studio 2012\Projects\make folders\make folders\Debug\link.6748-rc.write.1.tlog
C:\Users\Arlene\documents\visual studio 2012\Projects\make folders\make folders\Debug\link.6748.read.1.tlog
C:\Users\Arlene\documents\visual studio 2012\Projects\make folders\make folders\Debug\link.6748.write.1.tlog
C:\Users\Arlene\documents\visual studio 2012\Projects\make folders\make folders\Debug\link.6996-cvtres.read.1.tlog
C:\Users\Arlene\documents\visual studio 2012\Projects\make folders\make folders\Debug\link.6996-cvtres.write.1.tlog
C:\Users\Arlene\documents\visual studio 2012\Projects\make folders\make folders\Debug\link.6996-rc.read.1.tlog
C:\Users\Arlene\documents\visual studio 2012\Projects\make folders\make folders\Debug\link.6996-rc.write.1.tlog
C:\Users\Arlene\documents\visual studio 2012\Projects\make folders\make folders\Debug\link.6996.read.1.tlog
C:\Users\Arlene\documents\visual studio 2012\Projects\make folders\make folders\Debug\link.6996.write.1.tlog
C:\Users\Arlene\documents\visual studio 2012\Projects\make folders\make folders\Debug\link.8396-cvtres.read.1.tlog
C:\Users\Arlene\documents\visual studio 2012\Projects\make folders\make folders\Debug\link.8396-cvtres.write.1.tlog
C:\Users\Arlene\documents\visual studio 2012\Projects\make folders\make folders\Debug\link.8396-rc.read.1.tlog
C:\Users\Arlene\documents\visual studio 2012\Projects\make folders\make folders\Debug\link.8396-rc.write.1.tlog
C:\Users\Arlene\documents\visual studio 2012\Projects\make folders\make folders\Debug\link.8396.read.1.tlog
C:\Users\Arlene\documents\visual studio 2012\Projects\make folders\make folders\Debug\link.8396.write.1.tlog
C:\Users\Arlene\documents\visual studio 2012\Projects\make folders\make folders\Debug\link.command.1.tlog
C:\Users\Arlene\documents\visual studio 2012\Projects\make folders\make folders\Debug\link.read.1.tlog
C:\Users\Arlene\documents\visual studio 2012\Projects\make folders\make folders\Debug\link.write.1.tlog
C:\Users\Arlene\documents\visual studio 2012\Projects\make folders\make folders\Debug\vc110.idb
C:\Users\Arlene\documents\visual studio 2012\Projects\make folders\make folders\Debug\vc110.pdb
C:\Users\Arlene\documents\visual studio 2012\Projects\make folders\Debug\make folders.pdb
C:\Users\Arlene\documents\visual studio 2012\Projects\make folders\Debug\make folders.exe
C:\Users\Arlene\documents\visual studio 2012\Projects\make folders\Debug\make folders.ilk
